  SP1_1.cpp
e:\learning\sp\sp1\sp1\sp1_1.cpp(53): warning C4477: "printf": в строке форматирования "%d" требуется аргумент типа "int", но вариативный аргумент "1" имеет тип "SIZE_T"
  e:\learning\sp\sp1\sp1\sp1_1.cpp(53): note: рекомендуется использовать "%lld" в строке форматирования
  e:\learning\sp\sp1\sp1\sp1_1.cpp(53): note: рекомендуется использовать "%Id" в строке форматирования
  e:\learning\sp\sp1\sp1\sp1_1.cpp(53): note: рекомендуется использовать "%I64d" в строке форматирования
e:\learning\sp\sp1\sp1\sp1_1.cpp(54): warning C4477: "printf": в строке форматирования "%d" требуется аргумент типа "int", но вариативный аргумент "1" имеет тип "SIZE_T"
  e:\learning\sp\sp1\sp1\sp1_1.cpp(54): note: рекомендуется использовать "%lld" в строке форматирования
  e:\learning\sp\sp1\sp1\sp1_1.cpp(54): note: рекомендуется использовать "%Id" в строке форматирования
  e:\learning\sp\sp1\sp1\sp1_1.cpp(54): note: рекомендуется использовать "%I64d" в строке форматирования
e:\learning\sp\sp1\sp1\sp1_1.cpp(55): warning C4477: "printf": в строке форматирования "%u" требуется аргумент типа "unsigned int", но вариативный аргумент "1" имеет тип "SIZE_T"
  e:\learning\sp\sp1\sp1\sp1_1.cpp(55): note: рекомендуется использовать "%llu" в строке форматирования
  e:\learning\sp\sp1\sp1\sp1_1.cpp(55): note: рекомендуется использовать "%Iu" в строке форматирования
  e:\learning\sp\sp1\sp1\sp1_1.cpp(55): note: рекомендуется использовать "%I64u" в строке форматирования
e:\learning\sp\sp1\sp1\sp1_1.cpp(56): warning C4477: "printf": в строке форматирования "%u" требуется аргумент типа "unsigned int", но вариативный аргумент "1" имеет тип "SIZE_T"
  e:\learning\sp\sp1\sp1\sp1_1.cpp(56): note: рекомендуется использовать "%llu" в строке форматирования
  e:\learning\sp\sp1\sp1\sp1_1.cpp(56): note: рекомендуется использовать "%Iu" в строке форматирования
  e:\learning\sp\sp1\sp1\sp1_1.cpp(56): note: рекомендуется использовать "%I64u" в строке форматирования
e:\learning\sp\sp1\sp1\sp1_1.cpp(57): warning C4477: "printf": в строке форматирования "%d" требуется аргумент типа "int", но вариативный аргумент "1" имеет тип "SIZE_T"
  e:\learning\sp\sp1\sp1\sp1_1.cpp(57): note: рекомендуется использовать "%lld" в строке форматирования
  e:\learning\sp\sp1\sp1\sp1_1.cpp(57): note: рекомендуется использовать "%Id" в строке форматирования
  e:\learning\sp\sp1\sp1\sp1_1.cpp(57): note: рекомендуется использовать "%I64d" в строке форматирования
e:\learning\sp\sp1\sp1\sp1_1.cpp(58): warning C4477: "printf": в строке форматирования "%d" требуется аргумент типа "int", но вариативный аргумент "1" имеет тип "SIZE_T"
  e:\learning\sp\sp1\sp1\sp1_1.cpp(58): note: рекомендуется использовать "%lld" в строке форматирования
  e:\learning\sp\sp1\sp1\sp1_1.cpp(58): note: рекомендуется использовать "%Id" в строке форматирования
  e:\learning\sp\sp1\sp1\sp1_1.cpp(58): note: рекомендуется использовать "%I64d" в строке форматирования
e:\learning\sp\sp1\sp1\sp1_1.cpp(67): warning C4477: "printf": в строке форматирования "%lx" требуется аргумент типа "unsigned long", но вариативный аргумент "1" имеет тип "LPVOID"
e:\learning\sp\sp1\sp1\sp1_1.cpp(67): warning C4313: printf: конфликт "%x" в строке формата с аргументом 1 типа "LPVOID"
e:\learning\sp\sp1\sp1\sp1_1.cpp(68): warning C4477: "printf": в строке форматирования "%lx" требуется аргумент типа "unsigned long", но вариативный аргумент "1" имеет тип "LPVOID"
e:\learning\sp\sp1\sp1\sp1_1.cpp(68): warning C4313: printf: конфликт "%x" в строке формата с аргументом 1 типа "LPVOID"
e:\learning\sp\sp1\sp1\sp1_1.cpp(69): warning C4477: "printf": в строке форматирования "%u" требуется аргумент типа "unsigned int", но вариативный аргумент "1" имеет тип "DWORD_PTR"
  e:\learning\sp\sp1\sp1\sp1_1.cpp(69): note: рекомендуется использовать "%llu" в строке форматирования
  e:\learning\sp\sp1\sp1\sp1_1.cpp(69): note: рекомендуется использовать "%Iu" в строке форматирования
  e:\learning\sp\sp1\sp1\sp1_1.cpp(69): note: рекомендуется использовать "%I64u" в строке форматирования
  SP1.vcxproj -> E:\Learning\SP\SP1\x64\Debug\SP1_1.exe
